<?xml version="1.0" encoding="UTF-8"?>
<!-- Generated by org.testng.reporters.JUnitXMLReporter -->
<testsuite hostname="LAPTOP-I1CR1POI" ignored="0" name="Test" tests="7" failures="0" timestamp="2019-12-11T20:34:00 EST" time="80.572" errors="0">
  <testcase name="f" time="12.781" classname="Tranning.mavenproject.NewTest"/>
  <testcase name="f" time="14.892" classname="Tranning.mavenproject.NewTest"/>
  <testcase name="f" time="14.473" classname="Tranning.mavenproject.NewTest"/>
  <testcase name="fd" time="0.317" classname="Tranning.mavenproject.NewTest"/>
  <testcase name="fp" time="3.712" classname="Tranning.mavenproject.NewTest"/>
  <testcase name="fp" time="3.636" classname="Tranning.mavenproject.NewTest"/>
  <testcase name="fp" time="3.7" classname="Tranning.mavenproject.NewTest"/>
</testsuite> <!-- Test -->
